     1                                  ;**********************************************************
     2                                  ;	bluefire-os
     3                                  ;	Version: 00.00.02
     4                                  ;	Author: David Davidson
     5                                  ;	Name: stage2.asm
     6                                  ;	Last update: 2011-11-20
     7                                  ;	Purpose: Enable A20 Line, Load GDT, enable protect mode, enable paging.
     8                                  ;		Load a kernel to physical memory location 0x100000
     9                                  ;***********************************************************
    10                                  
    11                                  ;***********************************************************
    12                                  ;	As in stage 1 we are still generating 16 bit code as
    13                                  ;	it will be running in real mode for now
    14                                  ;***********************************************************
    15                                  bits 16
    16                                  
    17                                  ;***********************************************************
    18                                  ;	To keep things interesting we are going to use the other
    19                                  ;	addressing technique. We are going to set our segment registers
    20                                  ;	to 0 and have all addresses in the code prefix with 0x8000
    21                                  ;***********************************************************
    22                                  org 0x8000
    23 00000000 E91E01                  start:	jmp main			;jump over to first byte of executable code
    24                                  
    25                                  %include "load_kernel.asm"
    26                              <1> ;**********************************************************
    27                              <1> ;	bluefire-os
    28                              <1> ;	Version: 00.00.03
    29                              <1> ;	Author: David Davidson
    30                              <1> ;	Name: load_kernel.asm
    31                              <1> ;	Last update: 2011-11-20
    32                              <1> ;	Purpose: To load a kernel from a fixed location on a floppy
    33                              <1> ;			to a fixed location in upper memory.
    34                              <1> ;	Usage: Unreal mode must have been enabled. Memory location 0x10000
    35                              <1> ;			must be availabel for use as a buffer. Kernel must be flat
    36                              <1> ;			arrayed on floppy sectors 800 to 2800
    37                              <1> ;***********************************************************
    38                              <1> 
    39                              <1> 
    40                              <1> ; ------ The physical description of a floppy ------
    41                              <1> ; The constants that represent the structure of a floppy drive
    42 00000003 00                  <1> cst_drive_number			DB	0		; We only support floppy drive A
    43 00000004 0200                <1> cst_heads_per_cylinder		DW	2		; A floppy can only have one plater (height of data)
    44 00000006 1200                <1> cst_sectors_per_track		DW	18		; A floppy has fixed amt of sectors on a track	(width of data)
    45 00000008 0002                <1> cst_bytes_per_sector		DW 	512		; evrey sector has 512 bytes init (density of data)
    46                              <1> 
    47                              <1> ; ------ Memory locations used as variables ------
    48                              <1> ;Variables used to return values from function LBACHS
    49 0000000A 00                  <1> calculated_sector 			DB 0x00
    50 0000000B 00                  <1> calculated_head   			DB 0x00
    51 0000000C 00                  <1> calculated_cylinder			DB 0x00
    52                              <1> 
    53                              <1> ; ------ Memory locations used as counters ------
    54                              <1> ; Starting location of kernel on disk. Fixed by build script.
    55 0000000D 2003                <1> var_current_disk_sector			DW 800
    56                              <1> ; Running counter of where in upper memory the kernel is currently
    57                              <1> ; being loaded. The segment is increased to keep the counter from
    58                              <1> ; increasing past a number that can be handled by 16 bits.
    59 0000000F 0000                <1> var_current_buffer_segment		DW 0
    60                              <1> ; Running counter of how many groups of 125 disk sectors are left to load.
    61                              <1> ;var_sector_groups_left_to_load	DW 0x10
    62 00000011 0300                <1> var_sector_groups_left_to_load	DW 0x3
    63                              <1> 
    64                              <1> 
    65                              <1> load_kernel:
    66                              <1> 	; Since unreal mode is activated the code can access above 1 MB but
    67                              <1> 	; the bois interrupts that are needed to load the data off the disk
    68                              <1> 	; can only be used as if in real mode. So the code Loads
    69                              <1> 	; 16 groups of 125 disk blocks from the floppy to upper memory
    70                              <1> 	; using lower memory for each chunk.
    71                              <1> 	.load_kenel_loop:
    72                              <1> 		; --------------------------------------------------
    73                              <1> 		; Load a group of 125 disk sectors to lower memory
    74                              <1> 		; --------------------------------------------------
    75                              <1> 
    76                              <1> 		; use 1000:0000(0x10000) as the low memory buffer
    77 00000013 B80010              <1> 		mov		ax, 0x1000
    78 00000016 8EC0                <1> 		mov		es, ax
    79 00000018 BB0000              <1> 		mov		bx, 0x0000
    80                              <1> 		; load the 125 disk sectors we are up to
    81 0000001B A1[0D00]            <1> 		mov		ax, [var_current_disk_sector]
    82 0000001E B97D00              <1> 		mov		cx, 125
    83                              <1> 
    84 00000021 E83500              <1> 		call	read_sectors
    85                              <1> 
    86                              <1> 		; --------------------------------------------------
    87                              <1> 		; Copy the buffer to upper memory
    88                              <1> 		; --------------------------------------------------
    89                              <1> 
    90                              <1> 		; load the current running upper memory address
    91 00000024 A1[0F00]            <1> 		mov		ax, [var_current_buffer_segment]
    92 00000027 8EC0                <1> 		mov		es, ax
    93                              <1> 
    94                              <1> 		; Initalize source segment to be safe
    95 00000029 B80000              <1> 		mov 	ax, 0
    96 0000002C 8ED8                <1> 		mov		ds, ax
    97                              <1> 
    98                              <1> 		; The source is 1000:0000 (0x10000), the destination is es:0x100000
    99 0000002E 66BE00000100        <1> 		mov		esi, 0x10000
   100 00000034 66BF00001000        <1> 		mov		edi, 0x100000
   101                              <1> 		; copy the whole (sector group X sector size (125 x 512 =  0xFA00)) buffer
   102 0000003A 66B900FA0000        <1> 		mov		ecx, 0xFA00
   103                              <1> 		; we are using unreal memory location in real mode so we use the menomic a32
   104                              <1> 		; to generate 32 bit code.
   105 00000040 F367A4              <1> 		a32 	rep	 movsb
   106                              <1> 
   107                              <1> 		;inc counters
   108 00000043 8306[0D00]7D        <1> 		add	word [var_current_disk_sector], 125
   109 00000048 8106[0F00]A00F      <1> 		add word [var_current_buffer_segment], 0xFA0
   110                              <1> 
   111                              <1> 		;check iteration
   112 0000004E 8B0E[1100]          <1> 		mov		cx,  [var_sector_groups_left_to_load]
   113 00000052 FF0E[1100]          <1> 		dec		word [var_sector_groups_left_to_load]
   114 00000056 E2BB                <1> 		loop .load_kenel_loop
   115                              <1> 
   116 00000058 C3                  <1> 	ret
   117                              <1> 
   118                              <1> 
   119                              <1> ;***********************************************************
   120                              <1> ;	read_sectors:
   121                              <1> ;	-> AX 		=> Starting Sector
   122                              <1> ;	-> CX 		=> Amount of sectors to read
   123                              <1> ;				The buffer is segment limited so
   124                              <1> ;				must be less then or equal to 128 or buffer
   125                              <1> ;				will wrap over.
   126                              <1> ;	-> ES:BX 	=> Buffer to read to
   127                              <1> ;***********************************************************
   128                              <1> read_sectors:
   129                              <1> 	.read_sectors_start:
   130 00000059 BF0500              <1> 		mov		di,0x0005						; Five retries in case of error
   131                              <1> 	.sector_loop:
   132 0000005C 50                  <1> 		push 	ax								; Save the registers that we are going to use.
   133 0000005D 53                  <1> 		push 	bx
   134 0000005E 51                  <1> 		push 	cx
   135 0000005F E83600              <1> 		call LBACHS								; Calculate what the starting sector is
   136 00000062 B402                <1> 		mov     ah, 0x02						; 02 Bios read sector function
   137 00000064 B001                <1> 		mov     al, 0x01 						; Read one sector at a time
   138 00000066 8A2E[0C00]          <1> 		mov     ch, BYTE [calculated_cylinder]	; cylinder as returned by LBACHS
   139 0000006A 8A0E[0A00]          <1>         mov     cl, BYTE [calculated_sector]	; sector as returned by LBACHS
   140 0000006E 8A36[0B00]          <1>         mov     dh, BYTE [calculated_head]		; head as returned by LBACHS
   141 00000072 8A16[0300]          <1>         mov     dl, BYTE [cst_drive_number]		; drive is always 0
   142 00000076 CD13                <1> 		int     0x13							; invoke BIOS 0x13 AH=0x02
   143 00000078 730D                <1> 		jnc     .success                        ; test carry flag against a read error
   144 0000007A 31C0                <1> 		xor     ax, ax							; 0 is BIOS reset disk
   145 0000007C CD13                <1> 		int     0x13							; invoke BIOS 0x13 AH=0x00
   146 0000007E 4F                  <1> 		dec     di								; decrement error counter
   147 0000007F 59                  <1> 		pop     cx
   148 00000080 5B                  <1> 		pop     bx
   149 00000081 58                  <1> 		pop     ax
   150 00000082 75D8                <1> 		jnz     .sector_loop 					; if less the 5 tries, attempt to read again
   151 00000084 E8CF00              <1> 		call 	fatal_failure
   152                              <1> 	.success:
   153 00000087 BE[E700]            <1> 		mov     si, cst_msg_progress
   154 0000008A E8D500              <1> 		call    print
   155 0000008D 59                  <1> 		pop     cx
   156 0000008E 5B                  <1> 		pop     bx
   157 0000008F 58                  <1> 		pop     ax
   158 00000090 031E[0800]          <1> 		add     bx, WORD [cst_bytes_per_sector] ; queue next buffer
   159 00000094 40                  <1> 		inc     ax                              ; queue next sector
   160 00000095 E2C2                <1> 		loop    .read_sectors_start             ; Decreases CX and jums if not zero.
   161 00000097 C3                  <1> 		ret
   162                              <1> 
   163                              <1> 
   164                              <1> ;***********************************************************
   165                              <1> ; 	LBACHS
   166                              <1> ;	Convert LBA to CHS
   167                              <1> ; 	AX -> LBA Address to convert
   168                              <1> ;
   169                              <1> ;	Returns <-
   170                              <1> ; 		calculated_sector 	= (logical sector mod sectors per track) + 1
   171                              <1> ; 		calculated_head   	= (logical sector / sectors per track) MOD number of heads
   172                              <1> ; 		calculated_cylinder = logical sector / (sectors per track * number of heads)
   173                              <1> ;
   174                              <1> ;***********************************************************
   175                              <1> LBACHS:
   176 00000098 31D2                <1>     xor     dx, dx                              ; Zero out dx
   177 0000009A F736[0600]          <1>     div     WORD [cst_sectors_per_track]		; Calculate sector against DX:AX store quotient->AX remainder->DX
   178 0000009E FEC2                <1>     inc     dl                                  ; Adjust for sector 0
   179 000000A0 8816[0A00]          <1>     mov     BYTE [calculated_sector], dl		; Store the result.
   180 000000A4 31D2                <1>     xor     dx, dx                              ; Zero out dx
   181 000000A6 F736[0400]          <1>     div     WORD [cst_heads_per_cylinder]		; calculate sector against DX:AX store quotient->AX remainder->DX
   182 000000AA 8816[0B00]          <1>     mov     BYTE [calculated_head], dl			; Store the result.
   183 000000AE A2[0C00]            <1>     mov     BYTE [calculated_cylinder], al		; Store the result.
   184 000000B1 C3                  <1> 	ret
   185                                  
   186                                  ; ------ Mesages ------
   187                                  ;0x0A ascii for next line.  0x0D cursor to the beggining of the line.
   188 000000B2 0D0A4C6F6164696E67-     cst_msg_loading 			DB 0x0D, 0x0A, "Loading Stage 2...", 0x0D, 0x0A, 0x00
   189 000000BB 20537461676520322E-
   190 000000C4 2E2E0D0A00         
   191 000000C9 0D0A57656C6F636D65-     cst_msg_unreal	 			DB 0x0D, 0x0A, "Welocme to unreal mode...", 0x0D, 0x0A, 0x00
   192 000000D2 20746F20756E726561-
   193 000000DB 6C206D6F64652E2E2E-
   194 000000E4 0D0A00             
   195                                  ; print one dot for every disk sector we load
   196 000000E7 2E00                    cst_msg_progress 			DB ".", 0x00
   197                                  ; Fatal
   198 000000E9 0D0A466174616C2046-     cst_msg_fatal_failure  		DB 0x0D, 0x0A, "Fatal Failure.....", 0x0A, 0x00
   199 000000F2 61696C7572652E2E2E-
   200 000000FB 2E2E0A00           
   201                                  
   202                                  ;-------variables--------
   203                                  ; Currently set to 128 MB. If system memory changes it must be hard coded here
   204 000000FF 00000008                var_system_memory_amount	DD	0x8000000
   205                                  ;***********************************************************
   206                                  ; Global Descriptor Register (GDR)
   207                                  ;***********************************************************
   208                                  gdtr:
   209 00000103 1700                    	DW end_of_gdt - gdt_data - 1 	; limit (Size of GDT)
   210 00000105 [09010000]              	DD gdt_data 					; base of GDT
   211                                  ;***********************************************************
   212                                  ; Global Descriptor Table (GDT)
   213                                  ;***********************************************************
   214                                  gdt_data:
   215                                  ; Dummy descriptor			; 0x00
   216 00000109 0000                    	DW 0					; Limit low (bytes 15:0)
   217 0000010B 0000                    	DW 0					; Base low (bytes 15:0)
   218 0000010D 00                      	DB 0					; Base middle (bytes 23:16)
   219 0000010E 00                      	DB 0					; Access byte (descriptor type)
   220 0000010F 00                      	DB 0					; Flags, Limit middle (bytes 19:16)
   221 00000110 00                      	DB 0					; Base high (bytes 31:24)
   222                                  ; boot code:				; code descriptor  0x08
   223 00000111 FFFF                    	DW 0xFFFF           	; Limit (bytes 15:0)
   224 00000113 0000                    	DW 0                	; Base  (bytes 15:0)
   225 00000115 00                      	DB 0                	; Base  (bytes 23:16)
   226 00000116 9A                      	DB 0b10011010        	; access  = Present, Ring 0, 1, Executable, Direction, Readable, Unaccessed (1,00,1,1110 -> 9A)
   227 00000117 CF                      	DB 0b11001111        	; granularity = 4KB Granularity, 32bit segment size, reserved, reserved (AVL), Limit (bytes 19:16) (1,1,0,0,1111 - > CF)
   228 00000118 00                      	DB 0                	; Base  (bytes 31:24)
   229                                  ; boot data:	        	; data descriptor  0x10
   230 00000119 FFFF                    	DW 0xFFFF           	; Limit (bytes 15:0)
   231 0000011B 0000                    	DW 0                	; Base  (bytes 15:0)
   232 0000011D 00                      	DB 0                	; Base  (bytes 23:16)
   233 0000011E 92                      	DB 0b10010010        	; access  = Present, Ring 0, 1, Not Executable, No Direction, Readable, Unaccessed (1,00,1,0010 -> 92)
   234 0000011F CF                      	DB 0b11001111        	; granularity = 4KB Granularity, 32bit segment size, reserved, reserved (AVL), Limit (bytes 19:16) (1,1,0,0,1111 - > CF)
   235 00000120 00                      	DB 0                	; Base  (bytes 31:24)
   236                                  end_of_gdt:
   237                                  
   238                                  main:
   239 00000121 FA                      	cli						; clear interrupts
   240                                  
   241                                  ;***********************************************************
   242                                  ;	Set the segment registers back to 0x0000 as aformentioned
   243                                  ;	As we are now using the org directive to hard code the address offsets
   244                                  ;	The stack is staying at 000F:FFFF and should be empty at this point
   245                                  ;	but we set it again to be safe
   246                                  ;***********************************************************
   247 00000122 31C0                    	xor		ax, ax			; null segments
   248 00000124 8ED8                    	mov		ds, ax
   249 00000126 8EC0                    	mov		es, ax
   250 00000128 8EE0                    	mov		fs, ax
   251 0000012A 8EE8                    	mov		gs, ax
   252                                  
   253 0000012C B80090                  	mov 	ax, 0x9000
   254 0000012F 8ED0                    	mov		ss, ax
   255 00000131 BCFFFF                  	mov		sp, 0xFFFF
   256 00000134 FB                      	sti						; restore interupts we need them before we can make any bios call
   257                                  
   258                                  ;***********************************************************
   259                                  ;	Display welcome message
   260                                  ;***********************************************************
   261 00000135 BE[B200]                	mov		si, cst_msg_loading
   262 00000138 E82700                  	call	print
   263                                  
   264                                  ;***********************************************************
   265                                  ;	Allow more than 1MB to be accessed
   266                                  ;	Enable the A20 line
   267                                  ;	Enable Unreal mode
   268                                  ;
   269                                  ;***********************************************************
   270 0000013B E83000                  	call 	enable_a20_keyboard_out
   271 0000013E E86100                  	call 	enable_unreal_mode
   272 00000141 BE[C900]                	mov		si, cst_msg_unreal
   273 00000144 E81B00                  	call	print
   274                                  
   275                                  
   276                                  ;***********************************************************
   277                                  ;	Load the kernel into memory
   278                                  ;	Ensure that floppy motor is off
   279                                  ;***********************************************************
   280                                  	; load the the kernel into memory
   281 00000147 E8C9FE                  	call 	load_kernel
   282 0000014A E88E00                  	call 	turn_off_floppy_motor
   283                                  
   284                                  	;interrupts will not be enabled again until protect mode
   285 0000014D FA                      	cli
   286 0000014E E87100                  	call	enable_protect_mode
   287 00000151 EA[E201]0800            	jmp		0x8:protect_mode_start		; jump to end of code using Descripter Table Addressing
   288                                  
   289                                  ;***********************************************************
   290                                  ;		Halt Execution
   291                                  ;***********************************************************
   292                                  fatal_failure:
   293 00000156 BE[E900]                	mov		si, cst_msg_fatal_failure
   294 00000159 E80600                  	call 	print
   295 0000015C B400                    	mov		ah,	0x00	; Both bios call use paramater 0
   296 0000015E CD16                    	int		0x16		; BIOS 0x16 AH=0x00 -> await keypress
   297 00000160 CD19                    	int		0x19		; BIOS 0x19 AH=0x00 ->warm boot computer
   298                                  
   299                                  
   300                                  ;***********************************************************
   301                                  ;	print:
   302                                  ;	- Prints a string
   303                                  ;	assumes
   304                                  ;	- address of first character is in DS:SI
   305                                  ;	last character is /0 (NULL)
   306                                  ;***********************************************************
   307                                  print:
   308 00000162 AC                      	lodsb					; Load DS:SI into AL for proccessing
   309 00000163 08C0                    	or		al, al 			; this can only set the zero flag if AL is NULL
   310 00000165 7406                    	jz		end_print		; if zero flag is set
   311 00000167 B40E                    	mov		ah, 0eh			; Bios paramaeter
   312 00000169 CD10                    	int		10h				; Bios function
   313 0000016B EBF5                    	jmp		print			; repeat until null terminator is found.
   314                                  end_print:
   315 0000016D C3                      	ret
   316                                  
   317                                  ;***********************************************************
   318                                  ;		enable_a20_keyboard_out:
   319                                  ;		- enable the a20 line
   320                                  ;		- Uses the keyboard controller out port method
   321                                  ;***********************************************************
   322                                  enable_a20_keyboard_out:
   323 0000016E FA                      	cli						;stop interupts
   324 0000016F 60                      	pusha					;save state of all registers
   325 00000170 E85A00                  	call 	wait_for_clear_input
   326 00000173 B0AD                    	mov     al,0xAD
   327 00000175 E664                    	out     0x64,al			; disable the keyboard
   328 00000177 E85300                  	call 	wait_for_clear_input
   329                                  
   330 0000017A B0D0                    	mov     al,0xD0
   331 0000017C E664                    	out     0x64,al			; tell controller to read key board output port
   332 0000017E E85300                  	call    wait_for_clear_output
   333                                  
   334 00000181 E460                    	in      al,0x60
   335 00000183 6650                    	push    eax				; get output port data and store it
   336 00000185 E84500                  	call 	wait_for_clear_input
   337                                  
   338 00000188 B0D1                    	mov     al,0xD1
   339 0000018A E664                    	out     0x64,al			; tell controller to write to output port
   340 0000018C E83E00                  	call 	wait_for_clear_input
   341                                  
   342 0000018F 6658                    	pop     eax
   343 00000191 0C02                    	or      al,2			; set bit 1 (enable a20)
   344 00000193 E660                    	out     0x60,al			; write out data back to the output port
   345                                  
   346 00000195 E83500                  	call 	wait_for_clear_input
   347 00000198 B0AE                    	mov     al,0xAE			; enable the keyboard
   348 0000019A E664                    	out     0x64,al
   349                                  
   350 0000019C E82E00                  	call 	wait_for_clear_input
   351 0000019F 61                      	popa
   352 000001A0 FB                      	sti
   353 000001A1 C3                      	ret
   354                                  
   355                                  ;***********************************************************
   356                                  ;	note- we must set es and ds so that the later copy above 1mb works
   357                                  ;	cached descriptors will persist even after the original descriptor is
   358                                  ;	restored.
   359                                  ;***********************************************************
   360                                  enable_unreal_mode:
   361 000001A2 FA                      	cli
   362 000001A3 1E                      	push 	ds
   363 000001A4 06                      	push	es
   364                                  
   365 000001A5 0F0116[0301]            	lgdt 	[gdtr]        	; load GDT into GDTR
   366 000001AA 0F20C0                  	mov  	eax, cr0		; switch to pmode by
   367 000001AD 0C01                    	or 		al,1			; set pmode bit
   368 000001AF 0F22C0                  	mov  	cr0, eax
   369                                  
   370 000001B2 BB1000                  	mov  	bx, 0x10		; select descriptor 2
   371 000001B5 8EDB                    	mov  	ds, bx			; 10h = 1 0000b
   372 000001B7 8EC3                    	mov  	es, bx			; 10h = 1 0000b
   373                                  
   374 000001B9 24FE                    	and 	al,0xFE			; back to realmode
   375 000001BB 0F22C0                  	mov  	cr0, eax		; by toggling bit again
   376                                  
   377 000001BE 07                      	pop		es
   378 000001BF 1F                      	pop 	ds				; get back old segment
   379 000001C0 FB                      	sti
   380 000001C1 C3                      	ret
   381                                  
   382                                  enable_protect_mode:
   383 000001C2 0F20C0                  	mov	eax, cr0		; set bit 0 in cr0--enter pmode
   384 000001C5 6683C801                	or	eax, 1
   385 000001C9 0F22C0                  	mov	cr0, eax
   386 000001CC C3                      	ret
   387                                  
   388                                  wait_for_clear_input:	;wait for a clear input buffer
   389 000001CD E464                    	in      al,0x64
   390 000001CF A802                    	test    al,2
   391 000001D1 75FA                    	jnz     wait_for_clear_input
   392 000001D3 C3                      	ret
   393                                  
   394                                  wait_for_clear_output:	;wait for a clear output buffer
   395 000001D4 E464                    	in      al,0x64
   396 000001D6 A801                    	test    al,1
   397 000001D8 74FA                    	jz      wait_for_clear_output
   398 000001DA C3                      	ret
   399                                  
   400                                  ;***********************************************************
   401                                  ; Turn off flopy motor
   402                                  ;***********************************************************
   403                                  turn_off_floppy_motor:
   404 000001DB BAF203                  	mov	dx, 0x03F2
   405 000001DE B00C                    	mov	al, 0x0C
   406 000001E0 EE                      	out	dx, al
   407 000001E1 C3                      	ret
   408                                  
   409                                  ;***********************************************************
   410                                  ; Protect Mode starts here
   411                                  ;***********************************************************
   412                                  bits 32
   413                                  
   414                                  protect_mode_start:
   415                                  ;***********************************************************
   416                                  ;   Set segment registers
   417                                  ;***********************************************************
   418 000001E2 66B81000                	mov	ax, 0x10	; set data segments to data selector
   419 000001E6 8ED8                    	mov	ds, ax
   420 000001E8 8ED0                    	mov	ss, ax
   421 000001EA 8EC0                    	mov	es, ax
   422 000001EC BCFFFF0900              	mov	esp, 9FFFFh		; Reset the stack, same place, new address mode
   423                                  
   424                                  	;call setup_and_enable_paging
   425                                  ;***********************************************************
   426                                  ;   Execute Kernel
   427                                  ;***********************************************************
   428                                  	; Pass amount of system memory hard coded for now but
   429                                  	; will be calulated later.
   430 000001F1 FF35[FF000000]          	push DWORD [var_system_memory_amount]
   431                                  	; we have to save the address in case the kernel
   432                                  	; executes a ret with the proper stack. For now it will be thrown away
   433                                  	; as the kernel quickly removes identity mapping but, it is there for later use if needed.
   434 000001F7 68[03020000]            	push fatal_bootstrap_return
   435                                  	; jump to our kernel! It should be at physical address 0x100000
   436                                  	; and will start with the code compliled in start.asm.
   437 000001FC EA000010000800          	jmp	0x8:0x100000
   438                                  
   439                                  ;***********************************************************
   440                                  ;	If we make it here then kernel returned with out permission
   441                                  ;   Stop execution and halt
   442                                  ;***********************************************************
   443                                  fatal_bootstrap_return:
   444 00000203 FA                      	cli
   445 00000204 F4                      	hlt
   446                                  
